<?xml version="1.0" encoding="UTF-8"?>
<testng-results skipped="0" failed="0" total="1" passed="1">
  <reporter-output>
  </reporter-output>
  <suite name="Main Test Suite" duration-ms="921996" started-at="2019-04-23T11:08:37Z" finished-at="2019-04-23T11:23:59Z">
    <groups>
    </groups>
    <test name="TestNG Test Group1" duration-ms="921996" started-at="2019-04-23T11:08:37Z" finished-at="2019-04-23T11:23:59Z">
      <class name="com.Airpay.Utilities.Create_TestNGXML">
        <test-method status="PASS" signature="createXMLfile()[pri:0, instance:com.Airpay.Utilities.Create_TestNGXML@41e36e46]" name="createXMLfile" duration-ms="921980" started-at="2019-04-23T16:38:37Z" finished-at="2019-04-23T16:53:59Z">
          <reporter-output>
          </reporter-output>
        </test-method> <!-- createXMLfile -->
      </class> <!-- com.Airpay.Utilities.Create_TestNGXML -->
    </test> <!-- TestNG Test Group1 -->
  </suite> <!-- Main Test Suite -->
</testng-results>
