<?xml version="1.0" encoding="UTF-8"?>
<!-- Generated by org.testng.reporters.JUnitXMLReporter -->
<testsuite hostname="Parmeshwar-QA" name="Airpay GMV_test_Admin" tests="2" failures="0" timestamp="22 May 2019 12:17:13 GMT" time="48.103" errors="0">
  <testcase name="setup" time="0.007" classname="com.Airpay.Tests.TC_ID_004_Reports_TestCase_Test"/>
  <testcase name="PermissionResult" time="36.27" classname="com.Airpay.Tests.TC_ID_004_Reports_TestCase_Test"/>
</testsuite> <!-- Airpay GMV_test_Admin -->
