<?xml version="1.0" encoding="UTF-8"?>
<!-- Generated by org.testng.reporters.JUnitXMLReporter -->
<testsuite hostname="Parmeshwar-QA" name="Airpay GMV_test_Admin" tests="2" failures="0" timestamp="20 Apr 2019 11:33:57 GMT" time="280.727" errors="0">
  <testcase name="setup" time="0.004" classname="com.Airpay.Tests.TC_ID_004_Reports_TestCase_Test"/>
  <testcase name="PermissionResult" time="268.276" classname="com.Airpay.Tests.TC_ID_004_Reports_TestCase_Test"/>
</testsuite> <!-- Airpay GMV_test_Admin -->
