<?xml version="1.0" encoding="UTF-8"?>
<!-- Generated by org.testng.reporters.JUnitXMLReporter -->
<testsuite hostname="Parmeshwar-QA" name="ALL(STATUS)" tests="1" failures="0" timestamp="23 Apr 2019 11:43:15 GMT" time="0.419" errors="0">
  <testcase name="@AfterClass tearDown" time="0.0" classname="com.Airpay.Tests.TC_ID_016_AdvanceSearch_Validations">
    <failure type="java.lang.NullPointerException">
      <![CDATA[java.lang.NullPointerException
	at com.Airpay.InitialSetup.Driver_Setup.tearDown(Driver_Setup.java:115)
	at com.Airpay.Utilities.Create_TestNGXML.createXMLfile(Create_TestNGXML.java:146)
... Removed 44 stack frames]]>
    </failure>
  </testcase> <!-- @AfterClass tearDown -->
  <testcase name="PermissionResult" time="0.403" classname="com.Airpay.Tests.TC_ID_016_AdvanceSearch_Validations"/>
</testsuite> <!-- ALL(STATUS) -->
