<?xml version="1.0" encoding="UTF-8"?>
<!-- Generated by org.testng.reporters.JUnitXMLReporter -->
<testsuite hostname="Parmeshwar-QA" name="Assign Routing Rule" tests="2" failures="0" timestamp="23 May 2019 07:24:32 GMT" time="64.71" errors="0">
  <testcase name="setup" time="0.001" classname="com.Airpay.Tests.TC_ID_004_Reports_TestCase_Test"/>
  <testcase name="PermissionResult" time="55.962" classname="com.Airpay.Tests.TC_ID_004_Reports_TestCase_Test"/>
</testsuite> <!-- Assign Routing Rule -->
