<?xml version="1.0" encoding="UTF-8"?>
<!-- Generated by org.testng.reporters.JUnitXMLReporter -->
<testsuite hostname="Parmeshwar-QA" name="Axis SI subscription_Download" tests="2" failures="0" timestamp="23 May 2019 07:17:33 GMT" time="76.238" errors="0">
  <testcase name="setup" time="0.0" classname="com.Airpay.Tests.TC_ID_009_EMI_Test"/>
  <testcase name="PermissionResult" time="67.453" classname="com.Airpay.Tests.TC_ID_009_EMI_Test"/>
</testsuite> <!-- Axis SI subscription_Download -->
