<?xml version="1.0" encoding="UTF-8"?>
<!-- Generated by org.testng.reporters.JUnitXMLReporter -->
<testsuite hostname="Parmeshwar-QA" name="Bank Hourly_Admin" tests="2" failures="0" timestamp="23 May 2019 06:52:25 GMT" time="65.49" errors="0">
  <testcase name="setup" time="0.004" classname="com.Airpay.Tests.TC_ID_004_Reports_TestCase_Test"/>
  <testcase name="PermissionResult" time="55.538" classname="com.Airpay.Tests.TC_ID_004_Reports_TestCase_Test"/>
</testsuite> <!-- Bank Hourly_Admin -->
