<?xml version="1.0" encoding="UTF-8"?>
<!-- Generated by org.testng.reporters.JUnitXMLReporter -->
<testsuite hostname="Parmeshwar-QA" name="Bounced Initiated Report_Admin" tests="2" failures="0" timestamp="23 May 2019 07:01:38 GMT" time="72.693" errors="0">
  <testcase name="setup" time="0.001" classname="com.Airpay.Tests.TC_ID_004_Reports_TestCase_Test"/>
  <testcase name="PermissionResult" time="63.96" classname="com.Airpay.Tests.TC_ID_004_Reports_TestCase_Test"/>
</testsuite> <!-- Bounced Initiated Report_Admin -->
