<?xml version="1.0" encoding="UTF-8"?>
<!-- Generated by org.testng.reporters.JUnitXMLReporter -->
<testsuite hostname="Parmeshwar-QA" name="Brand Report_Admin" tests="2" failures="0" timestamp="25 Apr 2019 04:33:54 GMT" time="66.933" errors="0">
  <testcase name="setup" time="0.0" classname="com.Airpay.Tests.TC_ID_004_Reports_TestCase_Test"/>
  <testcase name="PermissionResult" time="57.936" classname="com.Airpay.Tests.TC_ID_004_Reports_TestCase_Test"/>
</testsuite> <!-- Brand Report_Admin -->
