<?xml version="1.0" encoding="UTF-8"?>
<!-- Generated by org.testng.reporters.JUnitXMLReporter -->
<testsuite hostname="Parmeshwar-QA" name="Bulk upload UPI" tests="2" failures="0" timestamp="12 Apr 2019 11:23:24 GMT" time="91.984" errors="0">
  <testcase name="setup" time="0.003" classname="com.Airpay.Tests.TC_ID_007_Bulk_Processing_TestCase"/>
  <testcase name="PermissionResult" time="82.428" classname="com.Airpay.Tests.TC_ID_007_Bulk_Processing_TestCase"/>
</testsuite> <!-- Bulk upload UPI -->
