<?xml version="1.0" encoding="UTF-8"?>
<!-- Generated by org.testng.reporters.JUnitXMLReporter -->
<testsuite hostname="Parmeshwar-QA" name="Desktop Vs Mobile_Admin" tests="2" failures="0" timestamp="25 Apr 2019 04:47:45 GMT" time="48.576" errors="0">
  <testcase name="setup" time="0.001" classname="com.Airpay.Tests.TC_ID_004_Reports_TestCase_Test"/>
  <testcase name="PermissionResult" time="39.627" classname="com.Airpay.Tests.TC_ID_004_Reports_TestCase_Test"/>
</testsuite> <!-- Desktop Vs Mobile_Admin -->
