<?xml version="1.0" encoding="UTF-8"?>
<!-- Generated by org.testng.reporters.JUnitXMLReporter -->
<testsuite hostname="Parmeshwar-QA" name="Merchant Currency" tests="2" failures="0" timestamp="23 May 2019 07:34:52 GMT" time="63.309" errors="0">
  <testcase name="setup" time="0.0" classname="com.Airpay.Tests.TC_ID_004_Reports_TestCase_Test"/>
  <testcase name="PermissionResult" time="52.651" classname="com.Airpay.Tests.TC_ID_004_Reports_TestCase_Test"/>
</testsuite> <!-- Merchant Currency -->
