<?xml version="1.0" encoding="UTF-8"?>
<!-- Generated by org.testng.reporters.JUnitXMLReporter -->
<testsuite hostname="Parmeshwar-QA" name="Refund Report_Admin" tests="2" failures="0" timestamp="25 Apr 2019 04:36:54 GMT" time="42.667" errors="0">
  <testcase name="setup" time="0.0" classname="com.Airpay.Tests.TC_ID_004_Reports_TestCase_Test"/>
  <testcase name="PermissionResult" time="33.721" classname="com.Airpay.Tests.TC_ID_004_Reports_TestCase_Test"/>
</testsuite> <!-- Refund Report_Admin -->
