<?xml version="1.0" encoding="UTF-8"?>
<!-- Generated by org.testng.reporters.JUnitXMLReporter -->
<testsuite hostname="Parmeshwar-QA" name="Settlement Report_Admin" tests="2" failures="0" timestamp="25 Apr 2019 04:37:41 GMT" time="47.454" errors="0">
  <testcase name="setup" time="0.001" classname="com.Airpay.Tests.TC_ID_004_Reports_TestCase_Test"/>
  <testcase name="PermissionResult" time="38.496" classname="com.Airpay.Tests.TC_ID_004_Reports_TestCase_Test"/>
</testsuite> <!-- Settlement Report_Admin -->
