<?xml version="1.0" encoding="UTF-8"?>
<!-- Generated by org.testng.reporters.JUnitXMLReporter -->
<testsuite hostname="Parmeshwar-QA" name="Settlement Report_Admin" tests="2" failures="0" timestamp="23 May 2019 06:55:51 GMT" time="63.386" errors="0">
  <testcase name="setup" time="0.0" classname="com.Airpay.Tests.TC_ID_004_Reports_TestCase_Test"/>
  <testcase name="PermissionResult" time="54.541" classname="com.Airpay.Tests.TC_ID_004_Reports_TestCase_Test"/>
</testsuite> <!-- Settlement Report_Admin -->
