<?xml version="1.0" encoding="UTF-8"?>
<!-- Generated by org.testng.reporters.JUnitXMLReporter -->
<testsuite hostname="Parmeshwar-QA" name="TC_001_SOTC_Logo_Verify11" tests="2" failures="0" timestamp="13 Feb 2019 11:05:13 GMT" time="67.301" errors="0">
  <testcase name="setup" time="0.0" classname="com.Airpay.Tests.TC_001_SOTC_Logo_Verify"/>
  <testcase name="TC_TestCaseName" time="58.549" classname="com.Airpay.Tests.TC_001_SOTC_Logo_Verify"/>
</testsuite> <!-- TC_001_SOTC_Logo_Verify11 -->
