<?xml version="1.0" encoding="UTF-8"?>
<!-- Generated by org.testng.reporters.JUnitXMLReporter -->
<testsuite hostname="Parmeshwar-QA" name="Top Brands_Admin" tests="2" failures="0" timestamp="23 May 2019 06:57:03 GMT" time="71.132" errors="0">
  <testcase name="setup" time="0.0" classname="com.Airpay.Tests.TC_ID_004_Reports_TestCase_Test"/>
  <testcase name="PermissionResult" time="62.301" classname="com.Airpay.Tests.TC_ID_004_Reports_TestCase_Test"/>
</testsuite> <!-- Top Brands_Admin -->
