<?xml version="1.0" encoding="UTF-8"?>
<!-- Generated by org.testng.reporters.JUnitXMLReporter -->
<testsuite hostname="Parmeshwar-QA" name="Transaction Rate Report_Admin" tests="2" failures="0" timestamp="23 May 2019 06:59:17 GMT" time="63.543" errors="0">
  <testcase name="setup" time="0.001" classname="com.Airpay.Tests.TC_ID_004_Reports_TestCase_Test"/>
  <testcase name="PermissionResult" time="54.806" classname="com.Airpay.Tests.TC_ID_004_Reports_TestCase_Test"/>
</testsuite> <!-- Transaction Rate Report_Admin -->
